<?xml version="1.0" encoding="UTF-8"?>
<!-- Generated by org.testng.reporters.JUnitXMLReporter -->
<testsuite hostname="DESKTOP-L37L1I5" ignored="0" name="Test" tests="1" failures="0" timestamp="2020-12-09T15:39:22 IST" time="0.188" errors="0">
  <testcase name="@BeforeClass setUpClass" time="0.062" classname="cucumber.api.testng.AbstractTestNGCucumberTests">
    <failure type="cucumber.runtime.CucumberException" message="Unknown option: --features">
      <![CDATA[cucumber.runtime.CucumberException: Unknown option: --features
at cucumber.runtime.RuntimeOptions.parse(RuntimeOptions.java:148)
at cucumber.runtime.RuntimeOptions.<init>(RuntimeOptions.java:89)
at cucumber.runtime.RuntimeOptions.<init>(RuntimeOptions.java:78)
at cucumber.runtime.RuntimeOptions.<init>(RuntimeOptions.java:70)
at cucumber.runtime.RuntimeOptionsFactory.create(RuntimeOptionsFactory.java:25)
at cucumber.api.testng.TestNGCucumberRunner.<init>(TestNGCucumberRunner.java:37)
at cucumber.api.testng.AbstractTestNGCucumberTests.setUpClass(AbstractTestNGCucumberTests.java:16)
at java.util.ArrayList.forEach(ArrayList.java:1259)
... Removed 29 stack frames]]>
    </failure>
  </testcase> <!-- @BeforeClass setUpClass -->
  <testcase name="@AfterClass tearDownClass" time="0.0" classname="cucumber.api.testng.AbstractTestNGCucumberTests">
    <failure type="java.lang.NullPointerException">
      <![CDATA[java.lang.NullPointerException
at cucumber.api.testng.AbstractTestNGCucumberTests.tearDownClass(AbstractTestNGCucumberTests.java:34)
at java.util.ArrayList.forEach(ArrayList.java:1259)
... Removed 29 stack frames]]>
    </failure>
  </testcase> <!-- @AfterClass tearDownClass -->
  <testcase name="feature" time="0.0" classname="cucumber.api.testng.AbstractTestNGCucumberTests">
    <skipped/>
  </testcase> <!-- feature -->
</testsuite> <!-- Test -->
